0 info it worked if it ends with ok
1 verbose cli [ '/Users/devanhuapaya/.nvm/versions/node/v4.4.1/bin/node',
1 verbose cli   '/Users/devanhuapaya/.nvm/versions/node/v4.4.1/bin/npm',
1 verbose cli   'start' ]
2 info using npm@3.8.3
3 info using node@v4.4.1
4 verbose run-script [ 'prestart', 'start', 'poststart' ]
5 info lifecycle speeddial@0.1.0~prestart: speeddial@0.1.0
6 silly lifecycle speeddial@0.1.0~prestart: no script for prestart, continuing
7 info lifecycle speeddial@0.1.0~start: speeddial@0.1.0
8 verbose lifecycle speeddial@0.1.0~start: unsafe-perm in lifecycle true
9 verbose lifecycle speeddial@0.1.0~start: PATH: /Users/devanhuapaya/.nvm/versions/node/v4.4.1/lib/node_modules/npm/bin/node-gyp-bin:/Users/devanhuapaya/Documents/All Things Code/Side Stuff/speeddial--site/node_modules/.bin:/Users/devanhuapaya/.nvm/versions/node/v4.4.1/bin:/Users/devanhuapaya/.nvm/versions/node/v4.4.1/bin:/Users/devanhuapaya/.rvm/gems/ruby-2.2.2/bin:/Users/devanhuapaya/.rvm/gems/ruby-2.2.2@global/bin:/Users/devanhuapaya/.rvm/rubies/ruby-2.2.2/bin:/usr/local/bin:/usr/bin:/bin:/usr/sbin:/sbin:/usr/local/git/bin:/Users/devanhuapaya/.rvm/bin:/Applications/shpotify/:/usr/local/go/bin:~/go/bin:/Users/devanhuapaya/go/bin
10 verbose lifecycle speeddial@0.1.0~start: CWD: /Users/devanhuapaya/Documents/All Things Code/Side Stuff/speeddial--site
11 silly lifecycle speeddial@0.1.0~start: Args: [ '-c', 'gulp' ]
12 silly lifecycle speeddial@0.1.0~start: Returned: code: 1  signal: null
13 info lifecycle speeddial@0.1.0~start: Failed to exec start script
14 verbose stack Error: speeddial@0.1.0 start: `gulp`
14 verbose stack Exit status 1
14 verbose stack     at EventEmitter.<anonymous> (/Users/devanhuapaya/.nvm/versions/node/v4.4.1/lib/node_modules/npm/lib/utils/lifecycle.js:239:16)
14 verbose stack     at emitTwo (events.js:87:13)
14 verbose stack     at EventEmitter.emit (events.js:172:7)
14 verbose stack     at ChildProcess.<anonymous> (/Users/devanhuapaya/.nvm/versions/node/v4.4.1/lib/node_modules/npm/lib/utils/spawn.js:24:14)
14 verbose stack     at emitTwo (events.js:87:13)
14 verbose stack     at ChildProcess.emit (events.js:172:7)
14 verbose stack     at maybeClose (internal/child_process.js:827:16)
14 verbose stack     at Process.ChildProcess._handle.onexit (internal/child_process.js:211:5)
15 verbose pkgid speeddial@0.1.0
16 verbose cwd /Users/devanhuapaya/Documents/All Things Code/Side Stuff/speeddial--site
17 error Darwin 15.6.0
18 error argv "/Users/devanhuapaya/.nvm/versions/node/v4.4.1/bin/node" "/Users/devanhuapaya/.nvm/versions/node/v4.4.1/bin/npm" "start"
19 error node v4.4.1
20 error npm  v3.8.3
21 error code ELIFECYCLE
22 error speeddial@0.1.0 start: `gulp`
22 error Exit status 1
23 error Failed at the speeddial@0.1.0 start script 'gulp'.
23 error Make sure you have the latest version of node.js and npm installed.
23 error If you do, this is most likely a problem with the speeddial package,
23 error not with npm itself.
23 error Tell the author that this fails on your system:
23 error     gulp
23 error You can get information on how to open an issue for this project with:
23 error     npm bugs speeddial
23 error Or if that isn't available, you can get their info via:
23 error     npm owner ls speeddial
23 error There is likely additional logging output above.
24 verbose exit [ 1, true ]
